<?xml version="1.0" encoding="UTF-8"?>
<coverage generated="1667272231773" clover="3.2.0">
  <project timestamp="1667272231773" name="All files">
    <metrics statements="7" coveredstatements="7" conditionals="0" coveredconditionals="0" methods="5" coveredmethods="4" elements="12" coveredelements="11" complexity="0" loc="7" ncloc="7" packages="1" files="2" classes="2"/>
    <file name="fortune.js" path="/Users/seongyeolyi/Developer/blog_src/backend/express/web-development-with-node-and-express/meadowlark/site/lib/fortune.js">
      <metrics statements="2" coveredstatements="2" conditionals="0" coveredconditionals="0" methods="1" coveredmethods="1"/>
      <line num="1" count="1" type="stmt"/>
      <line num="9" count="1" type="stmt"/>
    </file>
    <file name="handlers.js" path="/Users/seongyeolyi/Developer/blog_src/backend/express/web-development-with-node-and-express/meadowlark/site/lib/handlers.js">
      <metrics statements="5" coveredstatements="5" conditionals="0" coveredconditionals="0" methods="4" coveredmethods="3"/>
      <line num="1" count="1" type="stmt"/>
      <line num="3" count="1" type="stmt"/>
      <line num="4" count="1" type="stmt"/>
      <line num="5" count="1" type="stmt"/>
      <line num="6" count="1" type="stmt"/>
    </file>
  </project>
</coverage>
